2021-12-28 22:07:31.454  INFO 13548 --- [restartedMain] school.xauat.BlogApplication             : Starting BlogApplication using Java 1.8.0_101 on dunkcode with PID 13548 (C:\Users\dell\Desktop\blog\target\classes started by dell in C:\Users\dell\Desktop\blog)
2021-12-28 22:07:31.466  INFO 13548 --- [restartedMain] school.xauat.BlogApplication             : The following profiles are active: pro
2021-12-28 22:07:54.507  WARN 13548 --- [restartedMain] JpaBaseConfiguration$JpaWebConfiguration : spring.jpa.open-in-view is enabled by default. Therefore, database queries may be performed during view rendering. Explicitly configure spring.jpa.open-in-view to disable this warning
2021-12-28 22:07:56.145  INFO 13548 --- [restartedMain] school.xauat.BlogApplication             : Started BlogApplication in 25.995 seconds (JVM running for 30.461)
2021-12-28 22:09:36.215  INFO 13548 --- [http-nio-8080-exec-1] school.xauat.aspect.LogAspect            : Request : LogAspect.RequestLog(url=http://localhost:8080/, ip=127.0.0.1, classMethod=school.xauat.controller.IndexController.index, args=[Page request [number: 0, size 5, sort: updateTime: DESC], {}])
2021-12-28 22:09:36.711  WARN 13548 --- [http-nio-8080-exec-1] org.hibernate.orm.deprecation            : HHH90000016: Found use of deprecated 'collection property' syntax in HQL/JPQL query [t.blogs.size]; use collection function syntax instead [size(t.blogs)].
2021-12-28 22:09:36.754  WARN 13548 --- [http-nio-8080-exec-1] org.hibernate.orm.deprecation            : HHH90000016: Found use of deprecated 'collection property' syntax in HQL/JPQL query [t.blogs.size]; use collection function syntax instead [size(t.blogs)].
2021-12-28 22:09:36.945  INFO 13548 --- [http-nio-8080-exec-1] school.xauat.aspect.LogAspect            : Result : index
2021-12-28 22:09:36.945  INFO 13548 --- [http-nio-8080-exec-1] school.xauat.aspect.LogAspect            : ---------doAfter---------
2021-12-28 22:09:58.638  INFO 13548 --- [http-nio-8080-exec-5] school.xauat.aspect.LogAspect            : Request : LogAspect.RequestLog(url=http://localhost:8080/footer/newBlog, ip=127.0.0.1, classMethod=school.xauat.controller.IndexController.newBlogs, args=[{}])
2021-12-28 22:09:58.640  INFO 13548 --- [http-nio-8080-exec-6] school.xauat.aspect.LogAspect            : Request : LogAspect.RequestLog(url=http://localhost:8080/footer/blogMessage, ip=127.0.0.1, classMethod=school.xauat.controller.IndexController.blogMessage, args=[{}])
2021-12-28 22:09:59.058  INFO 13548 --- [http-nio-8080-exec-5] school.xauat.aspect.LogAspect            : Result : _fragment :: newBlogList
2021-12-28 22:09:59.058  INFO 13548 --- [http-nio-8080-exec-5] school.xauat.aspect.LogAspect            : ---------doAfter---------
2021-12-28 22:10:02.329  INFO 13548 --- [http-nio-8080-exec-6] school.xauat.aspect.LogAspect            : ---------doAfter---------
2021-12-28 22:10:02.336 ERROR 13548 --- [http-nio-8080-exec-6] s.x.handler.ControllerExceptionHandler   : Request URL : http://localhost:8080/footer/blogMessage, Exception : {}

org.springframework.data.redis.RedisConnectionFailureException: Unable to connect to Redis; nested exception is io.lettuce.core.RedisConnectionException: Unable to connect to localhost:6379
	at org.springframework.data.redis.connection.lettuce.LettuceConnectionFactory$ExceptionTranslatingConnectionProvider.translateException(LettuceConnectionFactory.java:1553)
	at org.springframework.data.redis.connection.lettuce.LettuceConnectionFactory$ExceptionTranslatingConnectionProvider.getConnection(LettuceConnectionFactory.java:1461)
	at org.springframework.data.redis.connection.lettuce.LettuceConnectionFactory$SharedConnection.getNativeConnection(LettuceConnectionFactory.java:1247)
	at org.springframework.data.redis.connection.lettuce.LettuceConnectionFactory$SharedConnection.getConnection(LettuceConnectionFactory.java:1230)
	at org.springframework.data.redis.connection.lettuce.LettuceConnectionFactory.getSharedConnection(LettuceConnectionFactory.java:979)
	at org.springframework.data.redis.connection.lettuce.LettuceConnectionFactory.getConnection(LettuceConnectionFactory.java:359)
	at org.springframework.data.redis.core.RedisConnectionUtils.fetchConnection(RedisConnectionUtils.java:193)
	at org.springframework.data.redis.core.RedisConnectionUtils.doGetConnection(RedisConnectionUtils.java:144)
	at org.springframework.data.redis.core.RedisConnectionUtils.getConnection(RedisConnectionUtils.java:105)
	at org.springframework.data.redis.core.RedisTemplate.execute(RedisTemplate.java:209)
	at org.springframework.data.redis.core.RedisTemplate.execute(RedisTemplate.java:189)
	at org.springframework.data.redis.core.AbstractOperations.execute(AbstractOperations.java:96)
	at org.springframework.data.redis.core.DefaultValueOperations.increment(DefaultValueOperations.java:98)
	at school.xauat.util.RedisUtil.incrBy(RedisUtil.java:339)
	at school.xauat.controller.IndexController.blogMessage(IndexController.java:75)
	at school.xauat.controller.IndexController$$FastClassBySpringCGLIB$$88212645.invoke(<generated>)
	at org.springframework.cglib.proxy.MethodProxy.invoke(MethodProxy.java:218)
	at org.springframework.aop.framework.CglibAopProxy$CglibMethodInvocation.invokeJoinpoint(CglibAopProxy.java:779)
	at org.springframework.aop.framework.ReflectiveMethodInvocation.proceed(ReflectiveMethodInvocation.java:163)
	at org.springframework.aop.framework.CglibAopProxy$CglibMethodInvocation.proceed(CglibAopProxy.java:750)
	at org.springframework.aop.framework.adapter.AfterReturningAdviceInterceptor.invoke(AfterReturningAdviceInterceptor.java:57)
	at org.springframework.aop.framework.ReflectiveMethodInvocation.proceed(ReflectiveMethodInvocation.java:186)
	at org.springframework.aop.framework.CglibAopProxy$CglibMethodInvocation.proceed(CglibAopProxy.java:750)
	at org.springframework.aop.aspectj.AspectJAfterAdvice.invoke(AspectJAfterAdvice.java:49)
	at org.springframework.aop.framework.ReflectiveMethodInvocation.proceed(ReflectiveMethodInvocation.java:186)
	at org.springframework.aop.framework.CglibAopProxy$CglibMethodInvocation.proceed(CglibAopProxy.java:750)
	at org.springframework.aop.framework.adapter.MethodBeforeAdviceInterceptor.invoke(MethodBeforeAdviceInterceptor.java:58)
	at org.springframework.aop.framework.ReflectiveMethodInvocation.proceed(ReflectiveMethodInvocation.java:186)
	at org.springframework.aop.framework.CglibAopProxy$CglibMethodInvocation.proceed(CglibAopProxy.java:750)
	at org.springframework.aop.interceptor.ExposeInvocationInterceptor.invoke(ExposeInvocationInterceptor.java:97)
	at org.springframework.aop.framework.ReflectiveMethodInvocation.proceed(ReflectiveMethodInvocation.java:186)
	at org.springframework.aop.framework.CglibAopProxy$CglibMethodInvocation.proceed(CglibAopProxy.java:750)
	at org.springframework.aop.framework.CglibAopProxy$DynamicAdvisedInterceptor.intercept(CglibAopProxy.java:692)
	at school.xauat.controller.IndexController$$EnhancerBySpringCGLIB$$e3f33a5e.blogMessage(<generated>)
	at sun.reflect.NativeMethodAccessorImpl.invoke0(Native Method)
	at sun.reflect.NativeMethodAccessorImpl.invoke(NativeMethodAccessorImpl.java:62)
	at sun.reflect.DelegatingMethodAccessorImpl.invoke(DelegatingMethodAccessorImpl.java:43)
	at java.lang.reflect.Method.invoke(Method.java:498)
	at org.springframework.web.method.support.InvocableHandlerMethod.doInvoke(InvocableHandlerMethod.java:197)
	at org.springframework.web.method.support.InvocableHandlerMethod.invokeForRequest(InvocableHandlerMethod.java:141)
	at org.springframework.web.servlet.mvc.method.annotation.ServletInvocableHandlerMethod.invokeAndHandle(ServletInvocableHandlerMethod.java:106)
	at org.springframework.web.servlet.mvc.method.annotation.RequestMappingHandlerAdapter.invokeHandlerMethod(RequestMappingHandlerAdapter.java:894)
	at org.springframework.web.servlet.mvc.method.annotation.RequestMappingHandlerAdapter.handleInternal(RequestMappingHandlerAdapter.java:808)
	at org.springframework.web.servlet.mvc.method.AbstractHandlerMethodAdapter.handle(AbstractHandlerMethodAdapter.java:87)
	at org.springframework.web.servlet.DispatcherServlet.doDispatch(DispatcherServlet.java:1060)
	at org.springframework.web.servlet.DispatcherServlet.doService(DispatcherServlet.java:962)
	at org.springframework.web.servlet.FrameworkServlet.processRequest(FrameworkServlet.java:1006)
	at org.springframework.web.servlet.FrameworkServlet.doGet(FrameworkServlet.java:898)
	at javax.servlet.http.HttpServlet.service(HttpServlet.java:626)
	at org.springframework.web.servlet.FrameworkServlet.service(FrameworkServlet.java:883)
	at javax.servlet.http.HttpServlet.service(HttpServlet.java:733)
	at org.apache.catalina.core.ApplicationFilterChain.internalDoFilter(ApplicationFilterChain.java:227)
	at org.apache.catalina.core.ApplicationFilterChain.doFilter(ApplicationFilterChain.java:162)
	at org.apache.tomcat.websocket.server.WsFilter.doFilter(WsFilter.java:53)
	at org.apache.catalina.core.ApplicationFilterChain.internalDoFilter(ApplicationFilterChain.java:189)
	at org.apache.catalina.core.ApplicationFilterChain.doFilter(ApplicationFilterChain.java:162)
	at org.springframework.web.filter.RequestContextFilter.doFilterInternal(RequestContextFilter.java:100)
	at org.springframework.web.filter.OncePerRequestFilter.doFilter(OncePerRequestFilter.java:119)
	at org.apache.catalina.core.ApplicationFilterChain.internalDoFilter(ApplicationFilterChain.java:189)
	at org.apache.catalina.core.ApplicationFilterChain.doFilter(ApplicationFilterChain.java:162)
	at org.springframework.web.filter.FormContentFilter.doFilterInternal(FormContentFilter.java:93)
	at org.springframework.web.filter.OncePerRequestFilter.doFilter(OncePerRequestFilter.java:119)
	at org.apache.catalina.core.ApplicationFilterChain.internalDoFilter(ApplicationFilterChain.java:189)
	at org.apache.catalina.core.ApplicationFilterChain.doFilter(ApplicationFilterChain.java:162)
	at org.springframework.web.filter.CharacterEncodingFilter.doFilterInternal(CharacterEncodingFilter.java:201)
	at org.springframework.web.filter.OncePerRequestFilter.doFilter(OncePerRequestFilter.java:119)
	at org.apache.catalina.core.ApplicationFilterChain.internalDoFilter(ApplicationFilterChain.java:189)
	at org.apache.catalina.core.ApplicationFilterChain.doFilter(ApplicationFilterChain.java:162)
	at org.apache.catalina.core.StandardWrapperValve.invoke(StandardWrapperValve.java:202)
	at org.apache.catalina.core.StandardContextValve.invoke(StandardContextValve.java:97)
	at org.apache.catalina.authenticator.AuthenticatorBase.invoke(AuthenticatorBase.java:542)
	at org.apache.catalina.core.StandardHostValve.invoke(StandardHostValve.java:143)
	at org.apache.catalina.valves.ErrorReportValve.invoke(ErrorReportValve.java:92)
	at org.apache.catalina.core.StandardEngineValve.invoke(StandardEngineValve.java:78)
	at org.apache.catalina.connector.CoyoteAdapter.service(CoyoteAdapter.java:357)
	at org.apache.coyote.http11.Http11Processor.service(Http11Processor.java:374)
	at org.apache.coyote.AbstractProcessorLight.process(AbstractProcessorLight.java:65)
	at org.apache.coyote.AbstractProtocol$ConnectionHandler.process(AbstractProtocol.java:893)
	at org.apache.tomcat.util.net.NioEndpoint$SocketProcessor.doRun(NioEndpoint.java:1707)
	at org.apache.tomcat.util.net.SocketProcessorBase.run(SocketProcessorBase.java:49)
	at java.util.concurrent.ThreadPoolExecutor.runWorker(ThreadPoolExecutor.java:1142)
	at java.util.concurrent.ThreadPoolExecutor$Worker.run(ThreadPoolExecutor.java:617)
	at org.apache.tomcat.util.threads.TaskThread$WrappingRunnable.run(TaskThread.java:61)
	at java.lang.Thread.run(Thread.java:745)
Caused by: io.lettuce.core.RedisConnectionException: Unable to connect to localhost:6379
	at io.lettuce.core.RedisConnectionException.create(RedisConnectionException.java:78)
	at io.lettuce.core.RedisConnectionException.create(RedisConnectionException.java:56)
	at io.lettuce.core.AbstractRedisClient.getConnection(AbstractRedisClient.java:320)
	at io.lettuce.core.RedisClient.connect(RedisClient.java:211)
	at org.springframework.data.redis.connection.lettuce.StandaloneConnectionProvider.lambda$getConnection$1(StandaloneConnectionProvider.java:115)
	at java.util.Optional.orElseGet(Optional.java:267)
	at org.springframework.data.redis.connection.lettuce.StandaloneConnectionProvider.getConnection(StandaloneConnectionProvider.java:115)
	at org.springframework.data.redis.connection.lettuce.LettuceConnectionFactory$ExceptionTranslatingConnectionProvider.getConnection(LettuceConnectionFactory.java:1459)
	... 82 common frames omitted
Caused by: io.netty.channel.AbstractChannel$AnnotatedConnectException: Connection refused: no further information: localhost/127.0.0.1:6379
Caused by: java.net.ConnectException: Connection refused: no further information
	at sun.nio.ch.SocketChannelImpl.checkConnect(Native Method)
	at sun.nio.ch.SocketChannelImpl.finishConnect(SocketChannelImpl.java:717)
	at io.netty.channel.socket.nio.NioSocketChannel.doFinishConnect(NioSocketChannel.java:330)
	at io.netty.channel.nio.AbstractNioChannel$AbstractNioUnsafe.finishConnect(AbstractNioChannel.java:334)
	at io.netty.channel.nio.NioEventLoop.processSelectedKey(NioEventLoop.java:707)
	at io.netty.channel.nio.NioEventLoop.processSelectedKeysOptimized(NioEventLoop.java:655)
	at io.netty.channel.nio.NioEventLoop.processSelectedKeys(NioEventLoop.java:581)
	at io.netty.channel.nio.NioEventLoop.run(NioEventLoop.java:493)
	at io.netty.util.concurrent.SingleThreadEventExecutor$4.run(SingleThreadEventExecutor.java:989)
	at io.netty.util.internal.ThreadExecutorMap$2.run(ThreadExecutorMap.java:74)
	at io.netty.util.concurrent.FastThreadLocalRunnable.run(FastThreadLocalRunnable.java:30)
	at java.lang.Thread.run(Thread.java:745)

2021-12-28 22:10:02.338  WARN 13548 --- [http-nio-8080-exec-6] .m.m.a.ExceptionHandlerExceptionResolver : Resolved [org.springframework.data.redis.RedisConnectionFailureException: Unable to connect to Redis; nested exception is io.lettuce.core.RedisConnectionException: Unable to connect to localhost:6379]
2021-12-28 22:10:36.863  INFO 21508 --- [restartedMain] school.xauat.BlogApplication             : Starting BlogApplication using Java 1.8.0_101 on dunkcode with PID 21508 (C:\Users\dell\Desktop\blog\target\classes started by dell in C:\Users\dell\Desktop\blog)
2021-12-28 22:10:36.867  INFO 21508 --- [restartedMain] school.xauat.BlogApplication             : The following profiles are active: pro
2021-12-28 22:11:00.136  WARN 21508 --- [restartedMain] JpaBaseConfiguration$JpaWebConfiguration : spring.jpa.open-in-view is enabled by default. Therefore, database queries may be performed during view rendering. Explicitly configure spring.jpa.open-in-view to disable this warning
2021-12-28 22:11:01.190  INFO 21508 --- [restartedMain] school.xauat.BlogApplication             : Started BlogApplication in 25.501 seconds (JVM running for 28.538)
2021-12-28 22:11:02.576  INFO 21508 --- [http-nio-8080-exec-1] school.xauat.aspect.LogAspect            : Request : LogAspect.RequestLog(url=http://localhost:8080/, ip=127.0.0.1, classMethod=school.xauat.controller.IndexController.index, args=[Page request [number: 0, size 5, sort: updateTime: DESC], {}])
2021-12-28 22:11:03.015  WARN 21508 --- [http-nio-8080-exec-1] org.hibernate.orm.deprecation            : HHH90000016: Found use of deprecated 'collection property' syntax in HQL/JPQL query [t.blogs.size]; use collection function syntax instead [size(t.blogs)].
2021-12-28 22:11:03.059  WARN 21508 --- [http-nio-8080-exec-1] org.hibernate.orm.deprecation            : HHH90000016: Found use of deprecated 'collection property' syntax in HQL/JPQL query [t.blogs.size]; use collection function syntax instead [size(t.blogs)].
2021-12-28 22:11:03.300  INFO 21508 --- [http-nio-8080-exec-1] school.xauat.aspect.LogAspect            : Result : index
2021-12-28 22:11:03.301  INFO 21508 --- [http-nio-8080-exec-1] school.xauat.aspect.LogAspect            : ---------doAfter---------
2021-12-28 22:11:04.167  INFO 21508 --- [http-nio-8080-exec-5] school.xauat.aspect.LogAspect            : Request : LogAspect.RequestLog(url=http://localhost:8080/footer/newBlog, ip=127.0.0.1, classMethod=school.xauat.controller.IndexController.newBlogs, args=[{}])
2021-12-28 22:11:04.169  INFO 21508 --- [http-nio-8080-exec-4] school.xauat.aspect.LogAspect            : Request : LogAspect.RequestLog(url=http://localhost:8080/footer/blogMessage, ip=127.0.0.1, classMethod=school.xauat.controller.IndexController.blogMessage, args=[{}])
2021-12-28 22:11:04.390  INFO 21508 --- [http-nio-8080-exec-5] school.xauat.aspect.LogAspect            : Result : _fragment :: newBlogList
2021-12-28 22:11:04.391  INFO 21508 --- [http-nio-8080-exec-5] school.xauat.aspect.LogAspect            : ---------doAfter---------
2021-12-28 22:11:05.733  INFO 21508 --- [http-nio-8080-exec-4] school.xauat.aspect.LogAspect            : Result : _fragment :: blogMessage
2021-12-28 22:11:05.734  INFO 21508 --- [http-nio-8080-exec-4] school.xauat.aspect.LogAspect            : ---------doAfter---------
2021-12-28 22:11:09.159  INFO 21508 --- [http-nio-8080-exec-3] school.xauat.aspect.LogAspect            : Request : LogAspect.RequestLog(url=http://localhost:8080/, ip=127.0.0.1, classMethod=school.xauat.controller.IndexController.index, args=[Page request [number: 0, size 5, sort: updateTime: DESC], {}])
2021-12-28 22:11:09.724  INFO 21508 --- [http-nio-8080-exec-3] school.xauat.aspect.LogAspect            : Result : index
2021-12-28 22:11:09.724  INFO 21508 --- [http-nio-8080-exec-3] school.xauat.aspect.LogAspect            : ---------doAfter---------
2021-12-28 22:11:10.206  INFO 21508 --- [http-nio-8080-exec-8] school.xauat.aspect.LogAspect            : Request : LogAspect.RequestLog(url=http://localhost:8080/footer/newBlog, ip=127.0.0.1, classMethod=school.xauat.controller.IndexController.newBlogs, args=[{}])
2021-12-28 22:11:10.207  INFO 21508 --- [http-nio-8080-exec-7] school.xauat.aspect.LogAspect            : Request : LogAspect.RequestLog(url=http://localhost:8080/footer/blogMessage, ip=127.0.0.1, classMethod=school.xauat.controller.IndexController.blogMessage, args=[{}])
2021-12-28 22:11:10.443  INFO 21508 --- [http-nio-8080-exec-8] school.xauat.aspect.LogAspect            : Result : _fragment :: newBlogList
2021-12-28 22:11:10.444  INFO 21508 --- [http-nio-8080-exec-8] school.xauat.aspect.LogAspect            : ---------doAfter---------
2021-12-28 22:11:10.454  INFO 21508 --- [http-nio-8080-exec-7] school.xauat.aspect.LogAspect            : Result : _fragment :: blogMessage
2021-12-28 22:11:10.454  INFO 21508 --- [http-nio-8080-exec-7] school.xauat.aspect.LogAspect            : ---------doAfter---------
2021-12-28 22:11:12.644  INFO 21508 --- [http-nio-8080-exec-10] school.xauat.aspect.LogAspect            : Request : LogAspect.RequestLog(url=http://localhost:8080/, ip=127.0.0.1, classMethod=school.xauat.controller.IndexController.index, args=[Page request [number: 0, size 5, sort: updateTime: DESC], {}])
2021-12-28 22:11:13.174  INFO 21508 --- [http-nio-8080-exec-10] school.xauat.aspect.LogAspect            : Result : index
2021-12-28 22:11:13.174  INFO 21508 --- [http-nio-8080-exec-10] school.xauat.aspect.LogAspect            : ---------doAfter---------
2021-12-28 22:11:13.602  INFO 21508 --- [http-nio-8080-exec-4] school.xauat.aspect.LogAspect            : Request : LogAspect.RequestLog(url=http://localhost:8080/footer/newBlog, ip=127.0.0.1, classMethod=school.xauat.controller.IndexController.newBlogs, args=[{}])
2021-12-28 22:11:13.604  INFO 21508 --- [http-nio-8080-exec-1] school.xauat.aspect.LogAspect            : Request : LogAspect.RequestLog(url=http://localhost:8080/footer/blogMessage, ip=127.0.0.1, classMethod=school.xauat.controller.IndexController.blogMessage, args=[{}])
2021-12-28 22:11:13.870  INFO 21508 --- [http-nio-8080-exec-4] school.xauat.aspect.LogAspect            : Result : _fragment :: newBlogList
2021-12-28 22:11:13.873  INFO 21508 --- [http-nio-8080-exec-4] school.xauat.aspect.LogAspect            : ---------doAfter---------
2021-12-28 22:11:13.873  INFO 21508 --- [http-nio-8080-exec-1] school.xauat.aspect.LogAspect            : Result : _fragment :: blogMessage
2021-12-28 22:11:13.874  INFO 21508 --- [http-nio-8080-exec-1] school.xauat.aspect.LogAspect            : ---------doAfter---------
2021-12-28 22:11:18.846  INFO 21508 --- [http-nio-8080-exec-9] school.xauat.aspect.LogAspect            : Request : LogAspect.RequestLog(url=http://localhost:8080/blog/92, ip=127.0.0.1, classMethod=school.xauat.controller.IndexController.blog, args=[92, {}])
2021-12-28 22:11:19.238  INFO 21508 --- [http-nio-8080-exec-9] school.xauat.aspect.LogAspect            : Result : blog
2021-12-28 22:11:19.238  INFO 21508 --- [http-nio-8080-exec-9] school.xauat.aspect.LogAspect            : ---------doAfter---------
2021-12-28 22:11:19.981  INFO 21508 --- [http-nio-8080-exec-9] school.xauat.aspect.LogAspect            : Request : LogAspect.RequestLog(url=http://localhost:8080/footer/blogMessage, ip=127.0.0.1, classMethod=school.xauat.controller.IndexController.blogMessage, args=[{}])
2021-12-28 22:11:19.988  INFO 21508 --- [http-nio-8080-exec-10] school.xauat.aspect.LogAspect            : Request : LogAspect.RequestLog(url=http://localhost:8080/footer/newBlog, ip=127.0.0.1, classMethod=school.xauat.controller.IndexController.newBlogs, args=[{}])
2021-12-28 22:11:20.484  INFO 21508 --- [http-nio-8080-exec-9] school.xauat.aspect.LogAspect            : Result : _fragment :: blogMessage
2021-12-28 22:11:20.485  INFO 21508 --- [http-nio-8080-exec-9] school.xauat.aspect.LogAspect            : ---------doAfter---------
2021-12-28 22:11:20.527  INFO 21508 --- [http-nio-8080-exec-10] school.xauat.aspect.LogAspect            : Result : _fragment :: newBlogList
2021-12-28 22:11:20.527  INFO 21508 --- [http-nio-8080-exec-10] school.xauat.aspect.LogAspect            : ---------doAfter---------
2021-12-28 22:11:20.694  INFO 21508 --- [http-nio-8080-exec-2] school.xauat.aspect.LogAspect            : Request : LogAspect.RequestLog(url=http://localhost:8080/comments/92, ip=127.0.0.1, classMethod=school.xauat.controller.CommentController.comments, args=[92, {}])
2021-12-28 22:11:21.074  INFO 21508 --- [http-nio-8080-exec-2] school.xauat.aspect.LogAspect            : Result : blog :: commentList
2021-12-28 22:11:21.074  INFO 21508 --- [http-nio-8080-exec-2] school.xauat.aspect.LogAspect            : ---------doAfter---------
2021-12-28 22:11:49.189  INFO 21508 --- [http-nio-8080-exec-8] school.xauat.aspect.LogAspect            : Request : LogAspect.RequestLog(url=http://localhost:8080/comments, ip=127.0.0.1, classMethod=school.xauat.controller.CommentController.post, args=[Comment(id=null, nickname=zsdq, email=834187150@qq.com, content=asdasdsa, avatar=null, adminComment=false, createTime=null, blog=Blog(id=92, title=null, content=null, firstPicture=null, flag=null, views=0, appreciation=false, shareStatement=false, commentabled=false, published=false, recommend=false, createTime=null, updateTime=null, description=null, tagIds=null, typeId=null, type=null, tags=[], user=null, comments=[]), replyComments=[], parentComment=Comment(id=93, nickname=null, email=null, content=null, avatar=null, adminComment=false, createTime=null, blog=null, replyComments=[], parentComment=null)), org.apache.catalina.session.StandardSessionFacade@28558ee7])
2021-12-28 22:11:50.068  INFO 21508 --- [http-nio-8080-exec-8] school.xauat.aspect.LogAspect            : Result : redirect:comments/92
2021-12-28 22:11:50.068  INFO 21508 --- [http-nio-8080-exec-8] school.xauat.aspect.LogAspect            : ---------doAfter---------
2021-12-28 22:11:50.093  INFO 21508 --- [http-nio-8080-exec-6] school.xauat.aspect.LogAspect            : Request : LogAspect.RequestLog(url=http://localhost:8080/comments/92;jsessionid=955F20B01C9496765EF23AD3952B56F8, ip=127.0.0.1, classMethod=school.xauat.controller.CommentController.comments, args=[92, {}])
2021-12-28 22:11:50.094  INFO 21508 --- [http-nio-8080-exec-4] school.xauat.aspect.LogAspect            : Request : LogAspect.RequestLog(url=http://localhost:8080/comments, ip=127.0.0.1, classMethod=school.xauat.controller.CommentController.post, args=[Comment(id=null, nickname=zsdq, email=834187150@qq.com, content=asdasdsa, avatar=null, adminComment=false, createTime=null, blog=Blog(id=92, title=null, content=null, firstPicture=null, flag=null, views=0, appreciation=false, shareStatement=false, commentabled=false, published=false, recommend=false, createTime=null, updateTime=null, description=null, tagIds=null, typeId=null, type=null, tags=[], user=null, comments=[]), replyComments=[], parentComment=Comment(id=93, nickname=null, email=null, content=null, avatar=null, adminComment=false, createTime=null, blog=null, replyComments=[], parentComment=null)), org.apache.catalina.session.StandardSessionFacade@28558ee7])
2021-12-28 22:11:50.592  INFO 21508 --- [http-nio-8080-exec-4] school.xauat.aspect.LogAspect            : Result : redirect:comments/92
2021-12-28 22:11:50.592  INFO 21508 --- [http-nio-8080-exec-4] school.xauat.aspect.LogAspect            : ---------doAfter---------
2021-12-28 22:11:50.599  INFO 21508 --- [http-nio-8080-exec-3] school.xauat.aspect.LogAspect            : Request : LogAspect.RequestLog(url=http://localhost:8080/comments/92, ip=127.0.0.1, classMethod=school.xauat.controller.CommentController.comments, args=[92, {}])
2021-12-28 22:11:50.750  INFO 21508 --- [http-nio-8080-exec-6] school.xauat.aspect.LogAspect            : Result : blog :: commentList
2021-12-28 22:11:50.750  INFO 21508 --- [http-nio-8080-exec-6] school.xauat.aspect.LogAspect            : ---------doAfter---------
2021-12-28 22:11:51.471  INFO 21508 --- [http-nio-8080-exec-3] school.xauat.aspect.LogAspect            : Result : blog :: commentList
2021-12-28 22:11:51.471  INFO 21508 --- [http-nio-8080-exec-3] school.xauat.aspect.LogAspect            : ---------doAfter---------
2021-12-28 22:12:07.741  INFO 21508 --- [http-nio-8080-exec-10] school.xauat.aspect.LogAspect            : Request : LogAspect.RequestLog(url=http://localhost:8080/footer/newBlog, ip=127.0.0.1, classMethod=school.xauat.controller.IndexController.newBlogs, args=[{}])
2021-12-28 22:12:07.742  INFO 21508 --- [http-nio-8080-exec-5] school.xauat.aspect.LogAspect            : Request : LogAspect.RequestLog(url=http://localhost:8080/footer/blogMessage, ip=127.0.0.1, classMethod=school.xauat.controller.IndexController.blogMessage, args=[{}])
2021-12-28 22:12:08.071  INFO 21508 --- [http-nio-8080-exec-10] school.xauat.aspect.LogAspect            : Result : _fragment :: newBlogList
2021-12-28 22:12:08.071  INFO 21508 --- [http-nio-8080-exec-10] school.xauat.aspect.LogAspect            : ---------doAfter---------
2021-12-28 22:12:08.257  INFO 21508 --- [http-nio-8080-exec-5] school.xauat.aspect.LogAspect            : Result : _fragment :: blogMessage
2021-12-28 22:12:08.257  INFO 21508 --- [http-nio-8080-exec-5] school.xauat.aspect.LogAspect            : ---------doAfter---------
2021-12-28 22:12:08.793  INFO 21508 --- [http-nio-8080-exec-6] s.xauat.interceptor.LoginInterceptor     : 拦截的请求/admin/tags
2021-12-28 22:12:09.144  INFO 21508 --- [http-nio-8080-exec-9] school.xauat.aspect.LogAspect            : Request : LogAspect.RequestLog(url=http://localhost:8080/footer/newBlog, ip=127.0.0.1, classMethod=school.xauat.controller.IndexController.newBlogs, args=[{}])
2021-12-28 22:12:09.146  INFO 21508 --- [http-nio-8080-exec-10] school.xauat.aspect.LogAspect            : Request : LogAspect.RequestLog(url=http://localhost:8080/footer/blogMessage, ip=127.0.0.1, classMethod=school.xauat.controller.IndexController.blogMessage, args=[{}])
2021-12-28 22:12:09.341  INFO 21508 --- [http-nio-8080-exec-5] s.xauat.interceptor.LoginInterceptor     : 拦截的请求/admin/types
2021-12-28 22:12:09.418  INFO 21508 --- [http-nio-8080-exec-10] school.xauat.aspect.LogAspect            : Result : _fragment :: blogMessage
2021-12-28 22:12:09.419  INFO 21508 --- [http-nio-8080-exec-10] school.xauat.aspect.LogAspect            : ---------doAfter---------
2021-12-28 22:12:09.465  INFO 21508 --- [http-nio-8080-exec-9] school.xauat.aspect.LogAspect            : Result : _fragment :: newBlogList
2021-12-28 22:12:09.466  INFO 21508 --- [http-nio-8080-exec-9] school.xauat.aspect.LogAspect            : ---------doAfter---------
2021-12-28 22:12:09.652  INFO 21508 --- [http-nio-8080-exec-10] school.xauat.aspect.LogAspect            : Request : LogAspect.RequestLog(url=http://localhost:8080/footer/blogMessage, ip=127.0.0.1, classMethod=school.xauat.controller.IndexController.blogMessage, args=[{}])
2021-12-28 22:12:09.653  INFO 21508 --- [http-nio-8080-exec-2] school.xauat.aspect.LogAspect            : Request : LogAspect.RequestLog(url=http://localhost:8080/footer/newBlog, ip=127.0.0.1, classMethod=school.xauat.controller.IndexController.newBlogs, args=[{}])
2021-12-28 22:12:09.856  INFO 21508 --- [http-nio-8080-exec-10] school.xauat.aspect.LogAspect            : Result : _fragment :: blogMessage
2021-12-28 22:12:09.856  INFO 21508 --- [http-nio-8080-exec-10] school.xauat.aspect.LogAspect            : ---------doAfter---------
2021-12-28 22:12:09.941  INFO 21508 --- [http-nio-8080-exec-2] school.xauat.aspect.LogAspect            : Result : _fragment :: newBlogList
2021-12-28 22:12:09.942  INFO 21508 --- [http-nio-8080-exec-2] school.xauat.aspect.LogAspect            : ---------doAfter---------
2021-12-28 22:12:10.608  INFO 21508 --- [http-nio-8080-exec-9] s.xauat.interceptor.LoginInterceptor     : 拦截的请求/admin/tags
2021-12-28 22:12:10.970  INFO 21508 --- [http-nio-8080-exec-8] school.xauat.aspect.LogAspect            : Request : LogAspect.RequestLog(url=http://localhost:8080/footer/newBlog, ip=127.0.0.1, classMethod=school.xauat.controller.IndexController.newBlogs, args=[{}])
2021-12-28 22:12:10.975  INFO 21508 --- [http-nio-8080-exec-10] school.xauat.aspect.LogAspect            : Request : LogAspect.RequestLog(url=http://localhost:8080/footer/blogMessage, ip=127.0.0.1, classMethod=school.xauat.controller.IndexController.blogMessage, args=[{}])
2021-12-28 22:12:11.240  INFO 21508 --- [http-nio-8080-exec-10] school.xauat.aspect.LogAspect            : Result : _fragment :: blogMessage
2021-12-28 22:12:11.240  INFO 21508 --- [http-nio-8080-exec-10] school.xauat.aspect.LogAspect            : ---------doAfter---------
2021-12-28 22:12:11.249  INFO 21508 --- [http-nio-8080-exec-8] school.xauat.aspect.LogAspect            : Result : _fragment :: newBlogList
2021-12-28 22:12:11.249  INFO 21508 --- [http-nio-8080-exec-8] school.xauat.aspect.LogAspect            : ---------doAfter---------
2021-12-28 22:12:12.158  INFO 21508 --- [http-nio-8080-exec-2] s.xauat.interceptor.LoginInterceptor     : 拦截的请求/admin/blogs
2021-12-28 22:12:12.793  INFO 21508 --- [http-nio-8080-exec-3] school.xauat.aspect.LogAspect            : Request : LogAspect.RequestLog(url=http://localhost:8080/footer/newBlog, ip=127.0.0.1, classMethod=school.xauat.controller.IndexController.newBlogs, args=[{}])
2021-12-28 22:12:12.794  INFO 21508 --- [http-nio-8080-exec-10] school.xauat.aspect.LogAspect            : Request : LogAspect.RequestLog(url=http://localhost:8080/footer/blogMessage, ip=127.0.0.1, classMethod=school.xauat.controller.IndexController.blogMessage, args=[{}])
2021-12-28 22:12:13.004  INFO 21508 --- [http-nio-8080-exec-10] school.xauat.aspect.LogAspect            : Result : _fragment :: blogMessage
2021-12-28 22:12:13.005  INFO 21508 --- [http-nio-8080-exec-10] school.xauat.aspect.LogAspect            : ---------doAfter---------
2021-12-28 22:12:13.188  INFO 21508 --- [http-nio-8080-exec-3] school.xauat.aspect.LogAspect            : Result : _fragment :: newBlogList
2021-12-28 22:12:13.189  INFO 21508 --- [http-nio-8080-exec-3] school.xauat.aspect.LogAspect            : ---------doAfter---------
2021-12-28 22:12:14.695  INFO 21508 --- [http-nio-8080-exec-8] s.xauat.interceptor.LoginInterceptor     : 拦截的请求/admin/blogs/input
2021-12-28 22:12:15.676  INFO 21508 --- [http-nio-8080-exec-8] school.xauat.aspect.LogAspect            : Request : LogAspect.RequestLog(url=http://localhost:8080/footer/newBlog, ip=127.0.0.1, classMethod=school.xauat.controller.IndexController.newBlogs, args=[{}])
2021-12-28 22:12:15.678  INFO 21508 --- [http-nio-8080-exec-5] school.xauat.aspect.LogAspect            : Request : LogAspect.RequestLog(url=http://localhost:8080/footer/blogMessage, ip=127.0.0.1, classMethod=school.xauat.controller.IndexController.blogMessage, args=[{}])
2021-12-28 22:12:15.955  INFO 21508 --- [http-nio-8080-exec-5] school.xauat.aspect.LogAspect            : Result : _fragment :: blogMessage
2021-12-28 22:12:15.955  INFO 21508 --- [http-nio-8080-exec-5] school.xauat.aspect.LogAspect            : ---------doAfter---------
2021-12-28 22:12:16.294  INFO 21508 --- [http-nio-8080-exec-8] school.xauat.aspect.LogAspect            : Result : _fragment :: newBlogList
2021-12-28 22:12:16.294  INFO 21508 --- [http-nio-8080-exec-8] school.xauat.aspect.LogAspect            : ---------doAfter---------
